{
  "RSpec": {
    "coverage": {
      "/Users/adrianfernandezlopez/Documents/work/adrian/calculator/app/jobs/db_cache_query_persist_job.rb": {
        "lines": [
          null,
          null,
          1,
          1,
          null,
          1,
          2,
          null,
          null
        ]
      },
      "/Users/adrianfernandezlopez/Documents/work/adrian/calculator/app/jobs/application_job.rb": {
        "lines": [
          null,
          null,
          1,
          null,
          null,
          null,
          null,
          null,
          null
        ]
      },
      "/Users/adrianfernandezlopez/Documents/work/adrian/calculator/app/presenters/calculator_presenter.rb": {
        "lines": [
          null,
          null,
          1,
          1,
          1,
          null,
          1,
          null,
          2,
          null,
          null,
          null,
          null
        ]
      },
      "/Users/adrianfernandezlopez/Documents/work/adrian/calculator/app/presenters/base_presenter.rb": {
        "lines": [
          null,
          null,
          1,
          1,
          1,
          1,
          null,
          1,
          11,
          27,
          null,
          null,
          null,
          1,
          11,
          null,
          7,
          null,
          null,
          1,
          null,
          7,
          null,
          null,
          null,
          null
        ]
      },
      "/Users/adrianfernandezlopez/Documents/work/adrian/calculator/app/presenters/country_guess_presenter.rb": {
        "lines": [
          null,
          null,
          1,
          1,
          1,
          null,
          1,
          null,
          2,
          null,
          null,
          null,
          null,
          null
        ]
      },
      "/Users/adrianfernandezlopez/Documents/work/adrian/calculator/app/services/cache/database.rb": {
        "lines": [
          null,
          null,
          1,
          null,
          null,
          1,
          1,
          1,
          10,
          null,
          10,
          null,
          null,
          null,
          1,
          2,
          107,
          null,
          2,
          8,
          null,
          null,
          1,
          null,
          1,
          2,
          null,
          null,
          null,
          null,
          1,
          null,
          1,
          20,
          null,
          null,
          null
        ]
      },
      "/Users/adrianfernandezlopez/Documents/work/adrian/calculator/app/services/base_service.rb": {
        "lines": [
          null,
          null,
          null,
          1,
          1,
          null,
          1,
          1,
          null,
          1,
          51,
          115,
          null,
          null,
          51,
          null,
          null,
          1,
          23,
          null,
          null,
          1,
          11,
          null,
          null,
          1,
          null,
          1,
          16,
          null,
          null,
          1,
          10,
          10,
          null,
          null
        ]
      },
      "/Users/adrianfernandezlopez/Documents/work/adrian/calculator/app/services/cache_service.rb": {
        "lines": [
          null,
          null,
          null,
          null,
          1,
          null,
          1,
          null,
          null,
          null,
          1,
          1,
          null,
          1,
          12,
          8,
          null,
          8,
          null,
          null,
          1,
          null,
          1,
          12,
          null,
          12,
          24,
          null,
          null,
          12,
          null,
          null,
          1,
          10,
          10,
          null,
          6,
          null,
          6,
          null,
          null,
          6,
          null,
          null,
          1,
          6,
          null,
          null,
          1,
          2,
          null,
          null,
          1,
          12,
          null,
          null,
          3,
          null,
          3,
          null,
          1,
          1,
          null,
          null,
          null
        ]
      },
      "/Users/adrianfernandezlopez/Documents/work/adrian/calculator/app/services/cache/redis.rb": {
        "lines": [
          null,
          null,
          null,
          1,
          1,
          1,
          12,
          null,
          12,
          null,
          null,
          1,
          6,
          null,
          6,
          null,
          null,
          216,
          null,
          null,
          null,
          null,
          1,
          null,
          1,
          36,
          null,
          null,
          null
        ]
      },
      "/Users/adrianfernandezlopez/Documents/work/adrian/calculator/app/services/calculator_service.rb": {
        "lines": [
          null,
          null,
          null,
          1,
          1,
          1,
          1,
          1,
          null,
          1,
          1,
          null,
          1,
          8,
          null,
          8,
          null,
          8,
          null,
          null,
          1,
          8,
          null,
          null,
          5,
          3,
          2,
          null,
          1,
          null,
          null,
          null,
          1,
          null,
          1,
          8,
          8,
          null,
          null,
          1,
          6,
          null,
          null,
          36,
          36,
          null,
          null,
          6,
          null,
          1,
          null,
          null,
          null,
          1,
          null,
          34,
          null,
          15,
          15,
          20,
          8,
          8,
          null,
          null,
          null,
          15,
          null,
          null,
          15,
          13,
          null,
          null,
          12,
          null,
          null,
          null,
          1,
          null,
          29,
          null,
          null,
          12,
          12,
          null,
          null,
          11,
          null,
          null,
          1,
          11,
          null,
          3,
          null,
          1,
          null,
          3,
          null,
          4,
          null,
          3,
          null,
          null,
          null
        ]
      },
      "/Users/adrianfernandezlopez/Documents/work/adrian/calculator/app/controllers/api/v1/services_controller.rb": {
        "lines": [
          null,
          null,
          1,
          1,
          null,
          1,
          4,
          4,
          null,
          4,
          null,
          null,
          1,
          3,
          3,
          null,
          null,
          3,
          null,
          null,
          null,
          null,
          null,
          3,
          null,
          null,
          1,
          null,
          1,
          4,
          null,
          null,
          1,
          7,
          null,
          7,
          null,
          null
        ]
      },
      "/Users/adrianfernandezlopez/Documents/work/adrian/calculator/app/controllers/application_controller.rb": {
        "lines": [
          null,
          null,
          1,
          1,
          null,
          1,
          null,
          null,
          1,
          null,
          1,
          4,
          null,
          null,
          null,
          4,
          null,
          null
        ]
      },
      "/Users/adrianfernandezlopez/Documents/work/adrian/calculator/app/models/user.rb": {
        "lines": [
          null,
          null,
          1,
          null
        ]
      },
      "/Users/adrianfernandezlopez/Documents/work/adrian/calculator/app/models/application_record.rb": {
        "lines": [
          null,
          null,
          1,
          1,
          null
        ]
      },
      "/Users/adrianfernandezlopez/Documents/work/adrian/calculator/app/services/tree_node.rb": {
        "lines": [
          null,
          null,
          null,
          1,
          1,
          null,
          1,
          33,
          33,
          33,
          null,
          null
        ]
      },
      "/Users/adrianfernandezlopez/Documents/work/adrian/calculator/app/services/time_meter.rb": {
        "lines": [
          null,
          null,
          1,
          1,
          3,
          3,
          3,
          null,
          3,
          null,
          null
        ]
      },
      "/Users/adrianfernandezlopez/Documents/work/adrian/calculator/app/services/country_guess_service.rb": {
        "lines": [
          null,
          null,
          null,
          null,
          1,
          1,
          null,
          1,
          1,
          null,
          1,
          3,
          null,
          3,
          null,
          null,
          1,
          6,
          5,
          null,
          5,
          null,
          null,
          null,
          4,
          null,
          null,
          1,
          3,
          null,
          null,
          1,
          null,
          1,
          5,
          null,
          null
        ]
      },
      "/Users/adrianfernandezlopez/Documents/work/adrian/calculator/lib/api/family_search.rb": {
        "lines": [
          null,
          null,
          1,
          1,
          1,
          null,
          1,
          1,
          null,
          null,
          null,
          1,
          null,
          1,
          null,
          1,
          1,
          1,
          1,
          null,
          1,
          3,
          null,
          null,
          1,
          5,
          null,
          3,
          null,
          1,
          null,
          2,
          null,
          null,
          1,
          null,
          1,
          1,
          null,
          1,
          null,
          1,
          null,
          null,
          1,
          null,
          5,
          null,
          null,
          null,
          1,
          null,
          5,
          null,
          null,
          null,
          null,
          null
        ]
      },
      "/Users/adrianfernandezlopez/Documents/work/adrian/calculator/app/models/cached_query.rb": {
        "lines": [
          null,
          null,
          1,
          null
        ]
      },
      "/Users/adrianfernandezlopez/Documents/work/adrian/calculator/lib/api_error.rb": {
        "lines": [
          null,
          null,
          1
        ]
      }
    },
    "timestamp": 1710525228
  }
}
